\BOOKMARK [0][-]{chapter*.1}{}{}% 1
\BOOKMARK [0][-]{chapter*.2}{\376\377\000R\000i\000n\000g\000r\000a\000z\000i\000a\000m\000e\000n\000t\000i}{}% 2
\BOOKMARK [0][-]{chapter.1}{\376\377\000I\000n\000t\000r\000o\000d\000u\000z\000i\000o\000n\000e}{}% 3
\BOOKMARK [1][-]{section.1.1}{\376\377\000O\000r\000g\000a\000n\000i\000z\000z\000a\000z\000i\000o\000n\000e\000\040\000d\000e\000i\000\040\000c\000a\000p\000i\000t\000o\000l\000i}{chapter.1}% 4
\BOOKMARK [1][-]{section.1.2}{\376\377\000R\000e\000l\000a\000z\000i\000o\000n\000e\000\040\000c\000o\000n\000\040\000p\000r\000o\000b\000l\000e\000m\000i\000\040\000s\000i\000m\000i\000l\000i}{chapter.1}% 5
\BOOKMARK [1][-]{section.1.3}{\376\377\000S\000t\000r\000u\000m\000e\000n\000t\000i\000\040\000u\000t\000i\000l\000i\000z\000z\000a\000t\000i}{chapter.1}% 6
\BOOKMARK [1][-]{section.1.4}{\376\377\000R\000i\000s\000u\000l\000t\000a\000t\000i\000\040\000s\000p\000e\000r\000i\000m\000e\000n\000t\000a\000l\000i\000\040\000e\000\040\000f\000i\000n\000a\000l\000i}{chapter.1}% 7
\BOOKMARK [0][-]{chapter.2}{\376\377\000D\000e\000s\000c\000r\000i\000z\000i\000o\000n\000e\000\040\000d\000e\000l\000\040\000p\000r\000o\000b\000l\000e\000m\000a}{}% 8
\BOOKMARK [0][-]{chapter.3}{\376\377\000I\000n\000t\000e\000r\000p\000o\000l\000a\000z\000i\000o\000n\000e\000\040\000d\000i\000\040\000u\000n\000a\000\040\000s\000i\000n\000u\000s\000o\000i\000d\000e}{}% 9
\BOOKMARK [1][-]{section.3.1}{\376\377\000M\000o\000d\000e\000l\000l\000o}{chapter.3}% 10
\BOOKMARK [2][-]{subsection.3.1.1}{\376\377\000C\000a\000l\000c\000o\000l\000o\000\040\000d\000e\000l\000l\000a\000\040\000r\000e\000g\000i\000o\000n\000e\000\040\000p\000a\000r\000e\000t\000o\000-\000o\000t\000t\000i\000m\000a}{section.3.1}% 11
\BOOKMARK [1][-]{section.3.2}{\376\377\000A\000l\000g\000o\000r\000i\000t\000m\000o}{chapter.3}% 12
\BOOKMARK [2][-]{subsection.3.2.1}{\376\377\000C\000r\000i\000t\000e\000r\000i\000o\000\040\000a\000r\000r\000e\000s\000t\000o}{section.3.2}% 13
\BOOKMARK [2][-]{subsection.3.2.2}{\376\377\000P\000u\000n\000t\000o\000\040\000d\000i\000\040\000i\000n\000i\000z\000i\000a\000l\000i\000z\000z\000a\000z\000i\000o\000n\000e}{section.3.2}% 14
\BOOKMARK [2][-]{subsection.3.2.3}{\376\377\000C\000o\000n\000t\000r\000o\000l\000l\000o\000\040\000d\000e\000l\000\040\000p\000e\000r\000i\000o\000d\000o}{section.3.2}% 15
\BOOKMARK [2][-]{subsection.3.2.4}{\376\377\000C\000o\000n\000t\000r\000o\000l\000l\000o\000\040\000d\000e\000l\000l\000'\000a\000m\000p\000i\000e\000z\000z\000a}{section.3.2}% 16
\BOOKMARK [2][-]{subsection.3.2.5}{\376\377\000C\000o\000n\000t\000r\000o\000l\000l\000o\000\040\000d\000e\000l\000l\000a\000\040\000f\000a\000s\000e}{section.3.2}% 17
\BOOKMARK [2][-]{subsection.3.2.6}{\376\377\000M\000o\000d\000i\000f\000i\000c\000h\000e\000\040\000a\000l\000\040\000m\000o\000d\000e\000l\000l\000o}{section.3.2}% 18
\BOOKMARK [1][-]{section.3.3}{\376\377\000R\000i\000s\000u\000l\000t\000a\000t\000i}{chapter.3}% 19
\BOOKMARK [2][-]{subsection.3.3.1}{\376\377\000S\000c\000e\000l\000t\000a\000\040\000d\000e\000l\000\040\000s\000o\000l\000u\000t\000o\000r\000e}{section.3.3}% 20
\BOOKMARK [2][-]{subsection.3.3.2}{\376\377\000S\000e\000l\000e\000z\000i\000o\000n\000e\000\040\000d\000e\000l\000l\000a\000\040\000s\000o\000l\000u\000z\000i\000o\000n\000e}{section.3.3}% 21
\BOOKMARK [2][-]{subsection.3.3.3}{\376\377\000S\000p\000e\000r\000i\000m\000e\000n\000t\000a\000z\000i\000o\000n\000i\000\040\000c\000o\000n\000\040\000o\000s\000s\000e\000r\000v\000a\000z\000i\000o\000n\000i\000\040\000a\000f\000f\000e\000t\000t\000e\000\040\000d\000a\000\040\000e\000r\000r\000o\000r\000i}{section.3.3}% 22
\BOOKMARK [0][-]{chapter.4}{\376\377\000I\000d\000e\000n\000t\000i\000f\000i\000c\000a\000z\000i\000o\000n\000e\000\040\000d\000i\000\040\000s\000i\000n\000u\000s\000o\000i\000d\000i\000\040\000s\000o\000v\000r\000a\000p\000p\000o\000s\000t\000e}{}% 23
\BOOKMARK [1][-]{section.4.1}{\376\377\000M\000e\000t\000o\000d\000o}{chapter.4}% 24
\BOOKMARK [2][-]{subsection.4.1.1}{\376\377\000C\000r\000e\000a\000z\000i\000o\000n\000e\000\040\000d\000e\000i\000\040\000s\000o\000t\000t\000o\000p\000r\000o\000b\000l\000e\000m\000i}{section.4.1}% 25
\BOOKMARK [2][-]{subsection.4.1.2}{\376\377\000G\000e\000s\000t\000i\000o\000n\000e\000\040\000d\000e\000i\000\040\000n\000o\000d\000i}{section.4.1}% 26
\BOOKMARK [2][-]{subsection.4.1.3}{\376\377\000G\000e\000s\000t\000i\000o\000n\000e\000\040\000d\000e\000l\000l\000e\000\040\000f\000o\000g\000l\000i\000e}{section.4.1}% 27
\BOOKMARK [1][-]{section.4.2}{\376\377\000V\000a\000l\000u\000t\000a\000z\000i\000o\000n\000e\000\040\000d\000e\000l\000l\000e\000\040\000p\000r\000e\000s\000t\000a\000z\000i\000o\000n\000i}{chapter.4}% 28
\BOOKMARK [1][-]{section.4.3}{\376\377\000M\000i\000g\000l\000i\000o\000r\000a\000m\000e\000n\000t\000i}{chapter.4}% 29
\BOOKMARK [0][-]{chapter.5}{\376\377\000C\000o\000n\000c\000l\000u\000s\000i\000o\000n\000i}{}% 30
